<?xml version="1.0" encoding="UTF-8"?>
<!-- Generated by org.testng.reporters.JUnitReportReporter -->
<testsuite hostname="RajuPC" failures="0" tests="2" name="com.CRM.VTiger.ContactTest.CreateContactTest" time="31.950" errors="0" timestamp="2023-09-24T20:31:53 IST" skipped="0">
  <testcase classname="com.CRM.VTiger.ContactTest.CreateContactTest" name="create" time="8.131"/>
  <testcase classname="com.CRM.VTiger.ContactTest.CreateContactTest" name="contactTest" time="23.819"/>
  <system-out>
    <![CDATA[click on organization
click on lookup image
click on save button
validation passed]]>
  </system-out>
</testsuite> <!-- com.CRM.VTiger.ContactTest.CreateContactTest -->
