<?xml version="1.0" encoding="UTF-8"?>
<!-- Generated by org.testng.reporters.JUnitReportReporter -->
<testsuite hostname="RajuPC" failures="0" tests="4" name="com.CRM.VTiger.OrganizatioTest.CreateMultipleOrgTest" time="48.788" errors="0" timestamp="2023-09-20T18:48:55 IST" skipped="0">
  <testcase classname="com.CRM.VTiger.OrganizatioTest.CreateMultipleOrgTest" name="multipleOrg" time="12.129"/>
  <testcase classname="com.CRM.VTiger.OrganizatioTest.CreateMultipleOrgTest" name="multipleOrg" time="11.573"/>
  <testcase classname="com.CRM.VTiger.OrganizatioTest.CreateMultipleOrgTest" name="multipleOrg" time="13.397"/>
  <testcase classname="com.CRM.VTiger.OrganizatioTest.CreateMultipleOrgTest" name="multipleOrg" time="11.689"/>
</testsuite> <!-- com.CRM.VTiger.OrganizatioTest.CreateMultipleOrgTest -->
