<?xml version="1.0" encoding="UTF-8"?>
<!-- Generated by org.testng.reporters.JUnitReportReporter -->
<testsuite hostname="RajuPC" failures="0" tests="3" name="com.CRM.VTiger.practice.DPPractice" time="0.010" errors="0" timestamp="2023-09-09T10:53:04 IST" skipped="0">
  <testcase classname="com.CRM.VTiger.practice.DPPractice" name="create" time="0.002"/>
  <testcase classname="com.CRM.VTiger.practice.DPPractice" name="create" time="0.007"/>
  <testcase classname="com.CRM.VTiger.practice.DPPractice" name="create" time="0.001"/>
</testsuite> <!-- com.CRM.VTiger.practice.DPPractice -->
