<?xml version="1.0" encoding="UTF-8"?>
<!-- Generated by org.testng.reporters.JUnitReportReporter -->
<testsuite hostname="RajuPC" failures="0" tests="3" name="com.CRM.VTiger.practice.DataProviderPractice" time="0.011" errors="0" timestamp="2023-09-27T11:06:49 IST" skipped="0">
  <testcase classname="com.CRM.VTiger.practice.DataProviderPractice" name="create" time="0.001"/>
  <testcase classname="com.CRM.VTiger.practice.DataProviderPractice" name="create" time="0.009"/>
  <testcase classname="com.CRM.VTiger.practice.DataProviderPractice" name="create" time="0.001"/>
</testsuite> <!-- com.CRM.VTiger.practice.DataProviderPractice -->
