<?xml version="1.0" encoding="UTF-8"?>
<!-- Generated by org.testng.reporters.JUnitReportReporter -->
<testsuite hostname="RajuPC" failures="0" tests="1" name="com.CRM.VTiger.OrganizatioTest.CreateOrganizationTest" time="25.180" errors="0" timestamp="2023-09-24T20:49:03 IST" skipped="0">
  <testcase classname="com.CRM.VTiger.OrganizatioTest.CreateOrganizationTest" name="createOrganization" time="25.180">
    <system-out>
      <![CDATA[click on organization
click on lookup image
click on save button
validation passed]]>
    </system-out>
  </testcase> <!-- createOrganization -->
  <system-out>
    <![CDATA[click on organization
click on lookup image
click on save button
validation passed]]>
  </system-out>
</testsuite> <!-- com.CRM.VTiger.OrganizatioTest.CreateOrganizationTest -->
