<?xml version="1.0" encoding="UTF-8"?>
<!-- Generated by org.testng.reporters.JUnitReportReporter -->
<testsuite hostname="RajuPC" failures="0" tests="5" name="com.CRM.VTiger.practice.TestNGPractice" time="0.009" errors="0" timestamp="2023-09-06T22:18:34 IST" skipped="0">
  <testcase classname="com.CRM.VTiger.practice.TestNGPractice" name="deleted" time="0.006"/>
  <testcase classname="com.CRM.VTiger.practice.TestNGPractice" name="deleted" time="0.000"/>
  <testcase classname="com.CRM.VTiger.practice.TestNGPractice" name="deleted" time="0.001"/>
  <testcase classname="com.CRM.VTiger.practice.TestNGPractice" name="deleted" time="0.001"/>
  <testcase classname="com.CRM.VTiger.practice.TestNGPractice" name="deleted" time="0.001"/>
</testsuite> <!-- com.CRM.VTiger.practice.TestNGPractice -->
